This file contains any messages produced by compilers while
running configure, to aid debugging if configure makes a mistake.

It was created by FULL-PACKAGE-NAME configure VERSION, which was
generated by GNU Autoconf 2.69.  Invocation command line was

  $ ./configure 

## --------- ##
## Platform. ##
## --------- ##

hostname = MacBook-Pro.local
uname -m = x86_64
uname -r = 16.6.0
uname -s = Darwin
uname -v = Darwin Kernel Version 16.6.0: Fri Apr 14 16:21:16 PDT 2017; root:xnu-3789.60.24~6/RELEASE_X86_64

/usr/bin/uname -p = i386
/bin/uname -X     = unknown

/bin/arch              = unknown
/usr/bin/arch -k       = unknown
/usr/convex/getsysinfo = unknown
/usr/bin/hostinfo      = Mach kernel version:
	 Darwin Kernel Version 16.6.0: Fri Apr 14 16:21:16 PDT 2017; root:xnu-3789.60.24~6/RELEASE_X86_64
Kernel configured for up to 4 processors.
2 processors are physically available.
4 processors are logically available.
Processor type: i486 (Intel 80486)
Processors active: 0 1 2 3
Primary memory available: 4.00 gigabytes
Default processor set: 265 tasks, 1168 threads, 4 processors
Load average: 1.74, Mach factor: 2.25
/bin/machine           = unknown
/usr/bin/oslevel       = unknown
/bin/universe          = unknown

PATH: /usr/bin
PATH: /bin
PATH: /usr/sbin
PATH: /sbin
PATH: /usr/local/bin


## ----------- ##
## Core tests. ##
## ----------- ##

configure:2151: checking for gcc
configure:2167: found /usr/bin/gcc
configure:2178: result: gcc
configure:2407: checking for C compiler version
configure:2416: gcc --version >&5
Apple LLVM version 8.1.0 (clang-802.0.42)
Target: x86_64-apple-darwin16.6.0
Thread model: posix
InstalledDir: /Applications/Xcode.app/Contents/Developer/Toolchains/XcodeDefault.xctoolchain/usr/bin
Configured with: --prefix=/Applications/Xcode.app/Contents/Developer/usr --with-gxx-include-dir=/Applications/Xcode.app/Contents/Developer/Platforms/MacOSX.platform/Developer/SDKs/MacOSX10.12.sdk/usr/include/c++/4.2.1
configure:2427: $? = 0
configure:2416: gcc -v >&5
Configured with: --prefix=/Applications/Xcode.app/Contents/Developer/usr --with-gxx-include-dir=/Applications/Xcode.app/Contents/Developer/Platforms/MacOSX.platform/Developer/SDKs/MacOSX10.12.sdk/usr/include/c++/4.2.1
Apple LLVM version 8.1.0 (clang-802.0.42)
Target: x86_64-apple-darwin16.6.0
Thread model: posix
InstalledDir: /Applications/Xcode.app/Contents/Developer/Toolchains/XcodeDefault.xctoolchain/usr/bin
configure:2427: $? = 0
configure:2416: gcc -V >&5
clang: error: argument to '-V' is missing (expected 1 value)
clang: error: no input files
configure:2427: $? = 1
configure:2416: gcc -qversion >&5
clang: error: unknown argument: '-qversion'
clang: error: no input files
configure:2427: $? = 1
configure:2447: checking whether the C compiler works
configure:2469: gcc    conftest.c  >&5
configure:2473: $? = 0
configure:2521: result: yes
configure:2524: checking for C compiler default output file name
configure:2526: result: a.out
configure:2532: checking for suffix of executables
configure:2539: gcc -o conftest    conftest.c  >&5
configure:2543: $? = 0
configure:2565: result: 
configure:2587: checking whether we are cross compiling
configure:2595: gcc -o conftest    conftest.c  >&5
configure:2599: $? = 0
configure:2606: ./conftest
configure:2610: $? = 0
configure:2625: result: no
configure:2630: checking for suffix of object files
configure:2652: gcc -c   conftest.c >&5
configure:2656: $? = 0
configure:2677: result: o
configure:2681: checking whether we are using the GNU C compiler
configure:2700: gcc -c   conftest.c >&5
configure:2700: $? = 0
configure:2709: result: yes
configure:2718: checking whether gcc accepts -g
configure:2738: gcc -c -g  conftest.c >&5
configure:2738: $? = 0
configure:2779: result: yes
configure:2796: checking for gcc option to accept ISO C89
configure:2859: gcc  -c -g -O2  conftest.c >&5
configure:2859: $? = 0
configure:2872: result: none needed
configure:2892: checking whether ln -s works
configure:2896: result: yes
configure:2946: checking for a BSD-compatible install
configure:3014: result: /usr/bin/install -c
configure:3035: checking how to run the C preprocessor
configure:3066: gcc -E  conftest.c
configure:3066: $? = 0
configure:3080: gcc -E  conftest.c
conftest.c:9:10: fatal error: 'ac_nonexistent.h' file not found
#include <ac_nonexistent.h>
         ^
1 error generated.
configure:3080: $? = 1
configure: failed program was:
| /* confdefs.h */
| #define PACKAGE_NAME "FULL-PACKAGE-NAME"
| #define PACKAGE_TARNAME "full-package-name"
| #define PACKAGE_VERSION "VERSION"
| #define PACKAGE_STRING "FULL-PACKAGE-NAME VERSION"
| #define PACKAGE_BUGREPORT "BUG-REPORT-ADDRESS"
| #define PACKAGE_URL ""
| /* end confdefs.h.  */
| #include <ac_nonexistent.h>
configure:3105: result: gcc -E
configure:3125: gcc -E  conftest.c
configure:3125: $? = 0
configure:3139: gcc -E  conftest.c
conftest.c:9:10: fatal error: 'ac_nonexistent.h' file not found
#include <ac_nonexistent.h>
         ^
1 error generated.
configure:3139: $? = 1
configure: failed program was:
| /* confdefs.h */
| #define PACKAGE_NAME "FULL-PACKAGE-NAME"
| #define PACKAGE_TARNAME "full-package-name"
| #define PACKAGE_VERSION "VERSION"
| #define PACKAGE_STRING "FULL-PACKAGE-NAME VERSION"
| #define PACKAGE_BUGREPORT "BUG-REPORT-ADDRESS"
| #define PACKAGE_URL ""
| /* end confdefs.h.  */
| #include <ac_nonexistent.h>
configure:3168: checking for grep that handles long lines and -e
configure:3226: result: /usr/bin/grep
configure:3231: checking for egrep
configure:3293: result: /usr/bin/grep -E
configure:3298: checking for ANSI C header files
configure:3318: gcc -c -g -O2  conftest.c >&5
configure:3318: $? = 0
configure:3391: gcc -o conftest -g -O2   conftest.c  >&5
configure:3391: $? = 0
configure:3391: ./conftest
configure:3391: $? = 0
configure:3402: result: yes
configure:3415: checking for sys/types.h
configure:3415: gcc -c -g -O2  conftest.c >&5
configure:3415: $? = 0
configure:3415: result: yes
configure:3415: checking for sys/stat.h
configure:3415: gcc -c -g -O2  conftest.c >&5
configure:3415: $? = 0
configure:3415: result: yes
configure:3415: checking for stdlib.h
configure:3415: gcc -c -g -O2  conftest.c >&5
configure:3415: $? = 0
configure:3415: result: yes
configure:3415: checking for string.h
configure:3415: gcc -c -g -O2  conftest.c >&5
configure:3415: $? = 0
configure:3415: result: yes
configure:3415: checking for memory.h
configure:3415: gcc -c -g -O2  conftest.c >&5
configure:3415: $? = 0
configure:3415: result: yes
configure:3415: checking for strings.h
configure:3415: gcc -c -g -O2  conftest.c >&5
configure:3415: $? = 0
configure:3415: result: yes
configure:3415: checking for inttypes.h
configure:3415: gcc -c -g -O2  conftest.c >&5
configure:3415: $? = 0
configure:3415: result: yes
configure:3415: checking for stdint.h
configure:3415: gcc -c -g -O2  conftest.c >&5
configure:3415: $? = 0
configure:3415: result: yes
configure:3415: checking for unistd.h
configure:3415: gcc -c -g -O2  conftest.c >&5
configure:3415: $? = 0
configure:3415: result: yes
configure:3430: checking fcntl.h usability
configure:3430: gcc -c -g -O2  conftest.c >&5
configure:3430: $? = 0
configure:3430: result: yes
configure:3430: checking fcntl.h presence
configure:3430: gcc -E  conftest.c
configure:3430: $? = 0
configure:3430: result: yes
configure:3430: checking for fcntl.h
configure:3430: result: yes
configure:3430: checking for stdlib.h
configure:3430: result: yes
configure:3430: checking for string.h
configure:3430: result: yes
configure:3430: checking sys/time.h usability
configure:3430: gcc -c -g -O2  conftest.c >&5
configure:3430: $? = 0
configure:3430: result: yes
configure:3430: checking sys/time.h presence
configure:3430: gcc -E  conftest.c
configure:3430: $? = 0
configure:3430: result: yes
configure:3430: checking for sys/time.h
configure:3430: result: yes
configure:3430: checking for unistd.h
configure:3430: result: yes
configure:3446: checking for stdlib.h
configure:3446: result: yes
configure:3456: checking for GNU libc compatible malloc
configure:3480: gcc -o conftest -g -O2   conftest.c  >&5
configure:3480: $? = 0
configure:3480: ./conftest
configure:3480: $? = 0
configure:3490: result: yes
configure:3517: checking for stdlib.h
configure:3517: result: yes
configure:3517: checking for unistd.h
configure:3517: result: yes
configure:3517: checking for sys/param.h
configure:3517: gcc -c -g -O2  conftest.c >&5
configure:3517: $? = 0
configure:3517: result: yes
configure:3537: checking for getpagesize
configure:3537: gcc -o conftest -g -O2   conftest.c  >&5
configure:3537: $? = 0
configure:3537: result: yes
configure:3546: checking for working mmap
configure:3693: gcc -o conftest -g -O2   conftest.c  >&5
configure:3693: $? = 0
configure:3693: ./conftest
configure:3693: $? = 0
configure:3703: result: yes
configure:3715: checking for memset
configure:3715: gcc -o conftest -g -O2   conftest.c  >&5
conftest.c:54:6: warning: incompatible redeclaration of library function 'memset' [-Wincompatible-library-redeclaration]
char memset ();
     ^
conftest.c:54:6: note: 'memset' is a builtin with type 'void *(void *, int, unsigned long)'
1 warning generated.
configure:3715: $? = 0
configure:3715: result: yes
configure:3715: checking for munmap
configure:3715: gcc -o conftest -g -O2   conftest.c  >&5
configure:3715: $? = 0
configure:3715: result: yes
configure:3841: creating ./config.status

## ---------------------- ##
## Running config.status. ##
## ---------------------- ##

This file was extended by FULL-PACKAGE-NAME config.status VERSION, which was
generated by GNU Autoconf 2.69.  Invocation command line was

  CONFIG_FILES    = 
  CONFIG_HEADERS  = 
  CONFIG_LINKS    = 
  CONFIG_COMMANDS = 
  $ ./config.status 

on MacBook-Pro.local

config.status:821: creating src/Makefile
config.status:821: creating libuser/Makefile
config.status:821: creating pterm/Makefile
config.status:821: creating Makefile
config.status:821: creating libdisk/Makefile
config.status:821: creating config.mk
config.status:821: creating config.h

## ---------------- ##
## Cache variables. ##
## ---------------- ##

ac_cv_c_compiler_gnu=yes
ac_cv_env_CC_set=
ac_cv_env_CC_value=
ac_cv_env_CFLAGS_set=
ac_cv_env_CFLAGS_value=
ac_cv_env_CPPFLAGS_set=
ac_cv_env_CPPFLAGS_value=
ac_cv_env_CPP_set=
ac_cv_env_CPP_value=
ac_cv_env_LDFLAGS_set=
ac_cv_env_LDFLAGS_value=
ac_cv_env_LIBS_set=
ac_cv_env_LIBS_value=
ac_cv_env_build_alias_set=
ac_cv_env_build_alias_value=
ac_cv_env_host_alias_set=
ac_cv_env_host_alias_value=
ac_cv_env_target_alias_set=
ac_cv_env_target_alias_value=
ac_cv_func_getpagesize=yes
ac_cv_func_malloc_0_nonnull=yes
ac_cv_func_memset=yes
ac_cv_func_mmap_fixed_mapped=yes
ac_cv_func_munmap=yes
ac_cv_header_fcntl_h=yes
ac_cv_header_inttypes_h=yes
ac_cv_header_memory_h=yes
ac_cv_header_stdc=yes
ac_cv_header_stdint_h=yes
ac_cv_header_stdlib_h=yes
ac_cv_header_string_h=yes
ac_cv_header_strings_h=yes
ac_cv_header_sys_param_h=yes
ac_cv_header_sys_stat_h=yes
ac_cv_header_sys_time_h=yes
ac_cv_header_sys_types_h=yes
ac_cv_header_unistd_h=yes
ac_cv_objext=o
ac_cv_path_EGREP='/usr/bin/grep -E'
ac_cv_path_GREP=/usr/bin/grep
ac_cv_path_install='/usr/bin/install -c'
ac_cv_prog_CPP='gcc -E'
ac_cv_prog_ac_ct_CC=gcc
ac_cv_prog_cc_c89=
ac_cv_prog_cc_g=yes

## ----------------- ##
## Output variables. ##
## ----------------- ##

CC='gcc'
CFLAGS='-g -O2'
CPP='gcc -E'
CPPFLAGS=''
DEFS='-DHAVE_CONFIG_H'
ECHO_C='\c'
ECHO_N=''
ECHO_T=''
EGREP='/usr/bin/grep -E'
EXEEXT=''
GREP='/usr/bin/grep'
INSTALL_DATA='${INSTALL} -m 644'
INSTALL_PROGRAM='${INSTALL}'
INSTALL_SCRIPT='${INSTALL}'
LDFLAGS=''
LIBOBJS=''
LIBS=''
LN_S='ln -s'
LTLIBOBJS=''
OBJEXT='o'
PACKAGE_BUGREPORT='BUG-REPORT-ADDRESS'
PACKAGE_NAME='FULL-PACKAGE-NAME'
PACKAGE_STRING='FULL-PACKAGE-NAME VERSION'
PACKAGE_TARNAME='full-package-name'
PACKAGE_URL=''
PACKAGE_VERSION='VERSION'
PATH_SEPARATOR=':'
SHELL='/bin/sh'
ac_ct_CC='gcc'
bindir='${exec_prefix}/bin'
build_alias=''
datadir='${datarootdir}'
datarootdir='${prefix}/share'
docdir='${datarootdir}/doc/${PACKAGE_TARNAME}'
dvidir='${docdir}'
exec_prefix='${prefix}'
host_alias=''
htmldir='${docdir}'
includedir='${prefix}/include'
infodir='${datarootdir}/info'
libdir='${exec_prefix}/lib'
libexecdir='${exec_prefix}/libexec'
localedir='${datarootdir}/locale'
localstatedir='${prefix}/var'
mandir='${datarootdir}/man'
oldincludedir='/usr/include'
pdfdir='${docdir}'
prefix='/Users/smoghimi'
program_transform_name='s,x,x,'
psdir='${docdir}'
sbindir='${exec_prefix}/sbin'
sharedstatedir='${prefix}/com'
sysconfdir='${prefix}/etc'
target_alias=''

## ----------- ##
## confdefs.h. ##
## ----------- ##

/* confdefs.h */
#define PACKAGE_NAME "FULL-PACKAGE-NAME"
#define PACKAGE_TARNAME "full-package-name"
#define PACKAGE_VERSION "VERSION"
#define PACKAGE_STRING "FULL-PACKAGE-NAME VERSION"
#define PACKAGE_BUGREPORT "BUG-REPORT-ADDRESS"
#define PACKAGE_URL ""
#define STDC_HEADERS 1
#define HAVE_SYS_TYPES_H 1
#define HAVE_SYS_STAT_H 1
#define HAVE_STDLIB_H 1
#define HAVE_STRING_H 1
#define HAVE_MEMORY_H 1
#define HAVE_STRINGS_H 1
#define HAVE_INTTYPES_H 1
#define HAVE_STDINT_H 1
#define HAVE_UNISTD_H 1
#define HAVE_FCNTL_H 1
#define HAVE_STDLIB_H 1
#define HAVE_STRING_H 1
#define HAVE_SYS_TIME_H 1
#define HAVE_UNISTD_H 1
#define HAVE_STDLIB_H 1
#define HAVE_MALLOC 1
#define HAVE_STDLIB_H 1
#define HAVE_UNISTD_H 1
#define HAVE_SYS_PARAM_H 1
#define HAVE_GETPAGESIZE 1
#define HAVE_MMAP 1
#define HAVE_MEMSET 1
#define HAVE_MUNMAP 1

configure: exit 0
